TN:
SF:src/baseHandler.ts
FN:13,createReactiveHandler
FN:17,(anonymous_4)
FN:48,(anonymous_5)
FN:69,(anonymous_6)
FNF:4
FNH:3
FNDA:15,createReactiveHandler
FNDA:30,(anonymous_4)
FNDA:8,(anonymous_5)
FNDA:0,(anonymous_6)
DA:2,2
DA:3,2
DA:4,2
DA:6,17
DA:13,15
DA:16,15
DA:18,30
DA:19,5
DA:21,25
DA:22,0
DA:24,25
DA:25,0
DA:27,25
DA:28,0
DA:31,25
DA:33,25
DA:34,0
DA:37,25
DA:38,4
DA:42,21
DA:43,21
DA:46,21
DA:49,8
DA:50,0
DA:54,0
DA:57,8
DA:58,8
DA:59,8
DA:61,8
DA:62,8
DA:64,0
DA:67,8
DA:70,0
DA:71,0
DA:75,0
DA:78,0
DA:79,0
DA:80,0
DA:81,0
DA:84,0
LF:40
LH:25
BRDA:13,0,0,15
BRDA:13,1,0,15
BRDA:18,2,0,5
BRDA:21,3,0,0
BRDA:24,4,0,0
BRDA:27,5,0,0
BRDA:33,6,0,0
BRDA:37,7,0,4
BRDA:38,8,0,0
BRDA:38,8,1,4
BRDA:42,9,0,21
BRDA:49,10,0,0
BRDA:61,11,0,8
BRDA:61,11,1,0
BRDA:70,12,0,0
BRDA:80,13,0,0
BRF:16
BRH:7
end_of_record
TN:
SF:src/compunted.ts
FN:27,computed
FN:57,(anonymous_1)
FN:64,(anonymous_2)
FN:75,(anonymous_3)
FN:88,(anonymous_4)
FN:101,trackRefValue
FN:113,triggerRefValue
FN:121,isFunction
FNF:8
FNH:0
FNDA:0,computed
FNDA:0,(anonymous_1)
FNDA:0,(anonymous_2)
FNDA:0,(anonymous_3)
FNDA:0,(anonymous_4)
FNDA:0,trackRefValue
FNDA:0,triggerRefValue
FNDA:0,isFunction
DA:36,0
DA:37,0
DA:39,0
DA:40,0
DA:43,0
DA:54,0
DA:59,0
DA:62,0
DA:66,0
DA:67,0
DA:69,0
DA:77,0
DA:80,0
DA:81,0
DA:82,0
DA:85,0
DA:89,0
DA:90,0
DA:92,0
DA:98,0
DA:102,0
DA:103,0
DA:104,0
DA:105,0
DA:106,0
DA:108,0
DA:114,0
DA:115,0
DA:116,0
DA:122,0
LF:30
LH:0
BRDA:36,0,0,0
BRDA:36,0,1,0
BRDA:66,1,0,0
BRDA:80,2,0,0
BRDA:89,3,0,0
BRDA:89,3,1,0
BRDA:102,4,0,0
BRDA:104,5,0,0
BRDA:115,6,0,0
BRF:9
BRH:0
end_of_record
TN:
SF:src/effect.ts
FN:23,(anonymous_9)
FN:31,(anonymous_10)
FN:46,(anonymous_11)
FN:48,(anonymous_12)
FN:60,isTracking
FN:64,track
FN:89,trigger
FN:109,(anonymous_16)
FN:124,(anonymous_17)
FN:129,(anonymous_18)
FN:138,triggerEffects
FN:143,(anonymous_20)
FN:158,(anonymous_21)
FN:163,(anonymous_22)
FN:172,trackEffects
FN:184,effect
FN:193,stop
FNF:17
FNH:10
FNDA:7,(anonymous_9)
FNDA:8,(anonymous_10)
FNDA:2,(anonymous_11)
FNDA:2,(anonymous_12)
FNDA:0,isTracking
FNDA:21,track
FNDA:8,trigger
FNDA:4,(anonymous_16)
FNDA:1,(anonymous_17)
FNDA:0,(anonymous_18)
FNDA:0,triggerEffects
FNDA:0,(anonymous_20)
FNDA:0,(anonymous_21)
FNDA:0,(anonymous_22)
FNDA:0,trackEffects
FNDA:7,effect
FNDA:2,stop
DA:11,2
DA:12,2
DA:13,2
DA:15,0
DA:24,7
DA:25,7
DA:26,7
DA:27,7
DA:28,7
DA:32,8
DA:34,1
DA:38,7
DA:39,7
DA:40,7
DA:41,7
DA:43,7
DA:48,2
DA:49,2
DA:50,2
DA:53,2
DA:54,1
DA:56,2
DA:60,0
DA:61,0
DA:64,21
DA:65,21
DA:66,10
DA:69,11
DA:70,11
DA:71,7
DA:72,7
DA:75,11
DA:76,11
DA:77,7
DA:78,7
DA:82,11
DA:83,4
DA:85,7
DA:86,7
DA:89,8
DA:95,8
DA:96,8
DA:97,2
DA:100,6
DA:101,6
DA:102,0
DA:106,6
DA:107,6
DA:109,6
DA:110,4
DA:114,4
DA:115,1
DA:119,0
DA:124,6
DA:125,1
DA:129,6
DA:130,0
DA:131,0
DA:133,0
DA:138,0
DA:140,0
DA:141,0
DA:143,0
DA:144,0
DA:148,0
DA:149,0
DA:153,0
DA:158,0
DA:159,0
DA:163,0
DA:164,0
DA:165,0
DA:167,0
DA:172,0
DA:173,0
DA:174,0
DA:177,0
DA:178,0
DA:180,0
DA:181,0
DA:184,7
DA:185,7
DA:186,7
DA:188,7
DA:189,7
DA:190,7
DA:193,2
DA:194,2
LF:88
LH:59
BRDA:26,0,0,7
BRDA:26,0,1,4
BRDA:32,1,0,1
BRDA:49,2,0,2
BRDA:53,3,0,1
BRDA:61,4,0,0
BRDA:61,4,1,0
BRDA:65,5,0,10
BRDA:65,6,0,21
BRDA:65,6,1,18
BRDA:70,7,0,7
BRDA:76,8,0,7
BRDA:82,9,0,4
BRDA:96,10,0,2
BRDA:101,11,0,0
BRDA:110,12,0,4
BRDA:110,12,1,0
BRDA:114,13,0,1
BRDA:130,14,0,0
BRDA:130,14,1,0
BRDA:144,15,0,0
BRDA:144,15,1,0
BRDA:148,16,0,0
BRDA:164,17,0,0
BRDA:164,17,1,0
BRDA:173,18,0,0
BRDA:177,19,0,0
BRF:27
BRH:14
end_of_record
TN:
SF:src/reactive.ts
FN:5,createReactive
FN:14,createReadonly
FN:23,createShadowReactive
FN:32,isReactive
FN:36,isReadonly
FN:40,isShallow
FN:44,isProxy
FN:48,reactive
FN:56,readonly
FN:64,shallowReactive
FNF:10
FNH:4
FNDA:15,createReactive
FNDA:0,createReadonly
FNDA:0,createShadowReactive
FNDA:17,isReactive
FNDA:0,isReadonly
FNDA:0,isShallow
FNDA:1,isProxy
FNDA:11,reactive
FNDA:0,readonly
FNDA:0,shallowReactive
DA:1,2
DA:2,2
DA:5,4
DA:6,15
DA:7,0
DA:8,0
DA:11,15
DA:14,0
DA:15,0
DA:16,0
DA:17,0
DA:20,0
DA:23,0
DA:24,0
DA:25,0
DA:26,0
DA:29,0
DA:32,5
DA:33,17
DA:36,0
DA:37,0
DA:40,0
DA:41,0
DA:44,1
DA:45,1
DA:48,11
DA:49,11
DA:50,0
DA:53,11
DA:56,0
DA:57,0
DA:58,0
DA:61,0
DA:64,0
DA:65,0
DA:66,0
DA:69,0
LF:37
LH:12
BRDA:6,0,0,0
BRDA:15,1,0,0
BRDA:24,2,0,0
BRDA:33,3,0,17
BRDA:33,3,1,17
BRDA:37,4,0,0
BRDA:37,4,1,0
BRDA:41,5,0,0
BRDA:41,5,1,0
BRDA:45,6,0,1
BRDA:45,6,1,0
BRDA:49,7,0,0
BRDA:57,8,0,0
BRDA:65,9,0,0
BRF:14
BRH:3
end_of_record
TN:
SF:src/ref.ts
FN:10,toReactive
FN:14,trackRefValue
FN:20,ref
FN:24,isRef
FN:28,unref
FN:32,proxyRefs
FN:34,(anonymous_6)
FN:37,(anonymous_7)
FN:55,(anonymous_8)
FN:61,(anonymous_9)
FN:66,(anonymous_10)
FNF:11
FNH:0
FNDA:0,toReactive
FNDA:0,trackRefValue
FNDA:0,ref
FNDA:0,isRef
FNDA:0,unref
FNDA:0,proxyRefs
FNDA:0,(anonymous_6)
FNDA:0,(anonymous_7)
FNDA:0,(anonymous_8)
FNDA:0,(anonymous_9)
FNDA:0,(anonymous_10)
DA:11,0
DA:15,0
DA:16,0
DA:21,0
DA:25,0
DA:29,0
DA:33,0
DA:35,0
DA:38,0
DA:39,0
DA:41,0
DA:52,0
DA:53,0
DA:56,0
DA:57,0
DA:58,0
DA:62,0
DA:63,0
DA:67,0
DA:68,0
DA:69,0
DA:70,0
LF:22
LH:0
BRDA:11,0,0,0
BRDA:11,0,1,0
BRDA:15,1,0,0
BRDA:29,2,0,0
BRDA:29,2,1,0
BRDA:38,3,0,0
BRDA:38,3,1,0
BRDA:38,4,0,0
BRDA:38,4,1,0
BRDA:57,5,0,0
BRDA:57,5,1,0
BRDA:67,6,0,0
BRF:12
BRH:0
end_of_record
TN:
SF:src/utils.ts
FN:1,(anonymous_3)
FN:5,(anonymous_4)
FNF:2
FNH:1
FNDA:40,(anonymous_3)
FNDA:0,(anonymous_4)
DA:1,40
DA:2,40
DA:5,2
DA:6,0
LF:4
LH:3
BRDA:2,0,0,40
BRDA:2,0,1,19
BRF:2
BRH:2
end_of_record
TN:
SF:src/watch.ts
FN:28,traverse
FN:49,getWatchSourceValue
FN:62,(anonymous_2)
FN:67,(anonymous_3)
FN:73,(anonymous_4)
FN:82,(anonymous_5)
FN:99,(anonymous_6)
FN:116,(anonymous_7)
FN:125,watch
FN:134,(anonymous_9)
FN:138,watchEffect
FN:144,(anonymous_11)
FN:149,(anonymous_12)
FN:160,(anonymous_13)
FN:172,(anonymous_14)
FN:181,watchMultiple
FN:188,(anonymous_16)
FN:191,(anonymous_17)
FN:206,(anonymous_18)
FN:207,(anonymous_19)
FNF:20
FNH:0
FNDA:0,traverse
FNDA:0,getWatchSourceValue
FNDA:0,(anonymous_2)
FNDA:0,(anonymous_3)
FNDA:0,(anonymous_4)
FNDA:0,(anonymous_5)
FNDA:0,(anonymous_6)
FNDA:0,(anonymous_7)
FNDA:0,watch
FNDA:0,(anonymous_9)
FNDA:0,watchEffect
FNDA:0,(anonymous_11)
FNDA:0,(anonymous_12)
FNDA:0,(anonymous_13)
FNDA:0,(anonymous_14)
FNDA:0,watchMultiple
FNDA:0,(anonymous_16)
FNDA:0,(anonymous_17)
FNDA:0,(anonymous_18)
FNDA:0,(anonymous_19)
DA:29,0
DA:30,0
DA:33,0
DA:35,0
DA:36,0
DA:37,0
DA:40,0
DA:41,0
DA:45,0
DA:50,0
DA:51,0
DA:53,0
DA:63,0
DA:64,0
DA:65,0
DA:67,0
DA:68,0
DA:72,0
DA:75,0
DA:76,0
DA:78,0
DA:83,0
DA:91,0
DA:92,0
DA:95,0
DA:100,0
DA:101,0
DA:104,0
DA:105,0
DA:106,0
DA:110,0
DA:113,0
DA:117,0
DA:118,0
DA:119,0
DA:131,0
DA:134,0
DA:144,0
DA:145,0
DA:148,0
DA:151,0
DA:152,0
DA:153,0
DA:157,0
DA:161,0
DA:169,0
DA:172,0
DA:173,0
DA:174,0
DA:175,0
DA:188,0
DA:189,0
DA:192,0
DA:193,0
DA:195,0
DA:196,0
DA:198,0
DA:199,0
DA:206,0
DA:207,0
LF:60
LH:0
BRDA:28,0,0,0
BRDA:29,1,0,0
BRDA:29,2,0,0
BRDA:29,2,1,0
BRDA:35,3,0,0
BRDA:35,3,1,0
BRDA:50,4,0,0
BRDA:65,5,0,0
BRDA:75,6,0,0
BRDA:75,6,1,0
BRDA:91,7,0,0
BRDA:91,7,1,0
BRDA:104,8,0,0
BRDA:118,9,0,0
BRDA:128,10,0,0
BRDA:140,11,0,0
BRDA:151,12,0,0
BRDA:174,13,0,0
BRDA:184,14,0,0
BRDA:192,15,0,0
BRDA:192,15,1,0
BRDA:193,16,0,0
BRDA:193,16,1,0
BRF:23
BRH:0
end_of_record
